  Measuring ASM.cpp
C:\Users\ASUS\Documents\Visual Studio 2022\Projects\Measuring ASM\Measuring ASM\Measuring ASM.cpp(12,25): error C2059: syntax error: ':'
C:\Users\ASUS\Documents\Visual Studio 2022\Projects\Measuring ASM\Measuring ASM\Measuring ASM.cpp(19,23): error C2059: syntax error: ':'
